<?xml version="1.0" encoding="UTF-8"?>
<!-- Generated by org.testng.reporters.JUnitReportReporter -->
<testsuite skipped="0" hostname="Fahim-Ahmed-1988" name="serviceStatusHomePage.TestSpecialServiceNotice" tests="3" failures="0" timestamp="05 Oct 2018 21:50:04 GMT" time="39.936" errors="0">
  <testcase name="imageSizeTest" time="12.876" classname="serviceStatusHomePage.TestSpecialServiceNotice"/>
  <testcase name="st238Test" time="14.751" classname="serviceStatusHomePage.TestSpecialServiceNotice"/>
  <testcase name="iFrameTest" time="12.309" classname="serviceStatusHomePage.TestSpecialServiceNotice"/>
</testsuite> <!-- serviceStatusHomePage.TestSpecialServiceNotice -->
