<?xml version="1.0" encoding="UTF-8"?>
<!-- Generated by org.testng.reporters.JUnitReportReporter -->
<testsuite skipped="0" hostname="Fahim-Ahmed-1988" name="testMtaInfo.TestMtaInfo" tests="7" failures="0" timestamp="08 Oct 2018 01:49:29 GMT" time="128.876" errors="0">
  <testcase name="testFinance" time="17.023" classname="testMtaInfo.TestMtaInfo"/>
  <testcase name="testMtaPoliceSearch" time="22.196" classname="testMtaInfo.TestMtaInfo"/>
  <testcase name="testMtaPoliceSearchBox" time="27.573" classname="testMtaInfo.TestMtaInfo"/>
  <testcase name="getMtaTitle" time="17.745" classname="testMtaInfo.TestMtaInfo"/>
  <testcase name="AboutMtaTest" time="16.517" classname="testMtaInfo.TestMtaInfo"/>
  <testcase name="testNavigate" time="15.315" classname="testMtaInfo.TestMtaInfo"/>
  <testcase name="testMtaInfo" time="12.507" classname="testMtaInfo.TestMtaInfo"/>
</testsuite> <!-- testMtaInfo.TestMtaInfo -->
