<?xml version="1.0" encoding="UTF-8"?>
<!-- Generated by org.testng.reporters.JUnitReportReporter -->
<testsuite skipped="0" hostname="Fahim-Ahmed-1988" name="Transperancy.TestTransperancy" tests="3" failures="0" timestamp="08 Oct 2018 01:49:29 GMT" time="46.614" errors="0">
  <testcase name="TestHovering" time="11.794" classname="Transperancy.TestTransperancy"/>
  <testcase name="testTransperancyHover" time="15.905" classname="Transperancy.TestTransperancy"/>
  <testcase name="testGetText" time="18.915" classname="Transperancy.TestTransperancy"/>
</testsuite> <!-- Transperancy.TestTransperancy -->
