<?xml version="1.0" encoding="UTF-8"?>
<!-- Generated by org.testng.reporters.JUnitReportReporter -->
<testsuite skipped="0" hostname="Fahim-Ahmed-1988" name="googleSheet.GoogleSheetPageTest" tests="2" failures="0" timestamp="05 Oct 2018 21:50:04 GMT" time="37.948" errors="0">
  <testcase name="testLogInByInvalidIdPassUsingGoogleSheet" time="26.133" classname="googleSheet.GoogleSheetPageTest"/>
  <testcase name="dd" time="11.815" classname="googleSheet.GoogleSheetPageTest"/>
</testsuite> <!-- googleSheet.GoogleSheetPageTest -->
