<?xml version="1.0" encoding="UTF-8"?>
<!-- Generated by org.testng.reporters.JUnitReportReporter -->
<testsuite skipped="0" hostname="Fahim-Ahmed-1988" name="serviceStatusHomePage.TestPlannedService" tests="5" failures="0" timestamp="08 Oct 2018 01:49:29 GMT" time="100.415" errors="0">
  <testcase name="testSubways" time="14.670" classname="serviceStatusHomePage.TestPlannedService"/>
  <testcase name="TestPlan" time="18.762" classname="serviceStatusHomePage.TestPlannedService"/>
  <testcase name="testFroute" time="21.404" classname="serviceStatusHomePage.TestPlannedService"/>
  <testcase name="textPlanTest" time="19.085" classname="serviceStatusHomePage.TestPlannedService"/>
  <testcase name="testDescription" time="26.494" classname="serviceStatusHomePage.TestPlannedService"/>
</testsuite> <!-- serviceStatusHomePage.TestPlannedService -->
