<?xml version="1.0" encoding="UTF-8"?>
<!-- Generated by org.testng.reporters.JUnitReportReporter -->
<testsuite skipped="0" hostname="Fahim-Ahmed-1988" name="databaseTest.TestMongoDB" tests="2" failures="0" timestamp="08 Oct 2018 01:49:29 GMT" time="24.749" errors="0">
  <testcase name="readDataTest" time="13.207" classname="databaseTest.TestMongoDB"/>
  <testcase name="insertLanguageListTest" time="11.542" classname="databaseTest.TestMongoDB"/>
</testsuite> <!-- databaseTest.TestMongoDB -->
