<?xml version="1.0" encoding="UTF-8"?>
<!-- Generated by org.testng.reporters.JUnitReportReporter -->
<testsuite skipped="0" hostname="Fahim-Ahmed-1988" name="kewwordTest.TestFeatures" tests="2" failures="0" timestamp="08 Oct 2018 01:49:29 GMT" time="28.032" errors="0">
  <testcase name="testSignInithvalidIdAndPassword" time="14.061" classname="kewwordTest.TestFeatures"/>
  <testcase name="testSignInKeyWord" time="13.971" classname="kewwordTest.TestFeatures"/>
</testsuite> <!-- kewwordTest.TestFeatures -->
