<?xml version="1.0" encoding="UTF-8"?>
<!-- Generated by org.testng.reporters.JUnitReportReporter -->
<testsuite skipped="0" hostname="Fahim-Ahmed-1988" name="testBusiness.TestDoingBusiness" tests="4" failures="0" timestamp="08 Oct 2018 01:49:29 GMT" time="61.936" errors="0">
  <testcase name="testDoingBusiness" time="16.695" classname="testBusiness.TestDoingBusiness"/>
  <testcase name="testBusinessTite" time="13.492" classname="testBusiness.TestDoingBusiness"/>
  <testcase name="testBusinessItem" time="17.005" classname="testBusiness.TestDoingBusiness"/>
  <testcase name="testAdOnMtaCard" time="14.744" classname="testBusiness.TestDoingBusiness"/>
</testsuite> <!-- testBusiness.TestDoingBusiness -->
