<?xml version="1.0" encoding="UTF-8"?>
<!-- Generated by org.testng.reporters.JUnitReportReporter -->
<testsuite skipped="0" hostname="Fahim-Ahmed-1988" name="testFareAndTolls.ScheduleTest" tests="2" failures="0" timestamp="08 Oct 2018 01:49:29 GMT" time="37.345" errors="0">
  <testcase name="testSchedule" time="22.311" classname="testFareAndTolls.ScheduleTest"/>
  <testcase name="testStatenIslands" time="15.034" classname="testFareAndTolls.ScheduleTest"/>
</testsuite> <!-- testFareAndTolls.ScheduleTest -->
