<?xml version="1.0" encoding="UTF-8"?>
<!-- Generated by org.testng.reporters.JUnitReportReporter -->
<testsuite skipped="0" hostname="Fahim-Ahmed-1988" name="testXlSheet.TestHomePageMyMtaAlert" tests="4" failures="0" timestamp="08 Oct 2018 01:49:29 GMT" time="75.029" errors="0">
  <testcase name="test" time="20.025" classname="testXlSheet.TestHomePageMyMtaAlert"/>
  <testcase name="signIn" time="18.139" classname="testXlSheet.TestHomePageMyMtaAlert"/>
  <testcase name="signIn" time="19.355" classname="testXlSheet.TestHomePageMyMtaAlert"/>
  <testcase name="testMymtaHomePage" time="17.510" classname="testXlSheet.TestHomePageMyMtaAlert"/>
</testsuite> <!-- testXlSheet.TestHomePageMyMtaAlert -->
