<?xml version="1.0" encoding="UTF-8"?>
<!-- Generated by org.testng.reporters.JUnitReportReporter -->
<testsuite skipped="0" hostname="Fahim-Ahmed-1988" name="serviceStatusHomePage.TestSpecialServiceNotice" tests="3" failures="0" timestamp="08 Oct 2018 01:49:29 GMT" time="46.144" errors="0">
  <testcase name="iFrameTest" time="14.456" classname="serviceStatusHomePage.TestSpecialServiceNotice"/>
  <testcase name="st238Test" time="16.134" classname="serviceStatusHomePage.TestSpecialServiceNotice"/>
  <testcase name="imageSizeTest" time="15.554" classname="serviceStatusHomePage.TestSpecialServiceNotice"/>
</testsuite> <!-- serviceStatusHomePage.TestSpecialServiceNotice -->
