<?xml version="1.0" encoding="UTF-8"?>
<!-- Generated by org.testng.reporters.JUnitReportReporter -->
<testsuite skipped="0" hostname="Fahim-Ahmed-1988" name="kewwordTest.TestFeatures" tests="2" failures="0" timestamp="05 Oct 2018 21:50:04 GMT" time="27.931" errors="0">
  <testcase name="testSignInKeyWord" time="13.977" classname="kewwordTest.TestFeatures"/>
  <testcase name="testSignInithvalidIdAndPassword" time="13.954" classname="kewwordTest.TestFeatures"/>
</testsuite> <!-- kewwordTest.TestFeatures -->
