<?xml version="1.0" encoding="UTF-8"?>
<!-- Generated by org.testng.reporters.JUnitReportReporter -->
<testsuite skipped="0" hostname="Fahim-Ahmed-1988" name="googleSheet.GoogleSheetPageTest" tests="2" failures="0" timestamp="08 Oct 2018 01:49:29 GMT" time="44.193" errors="0">
  <testcase name="dd" time="12.798" classname="googleSheet.GoogleSheetPageTest"/>
  <testcase name="testLogInByInvalidIdPassUsingGoogleSheet" time="31.395" classname="googleSheet.GoogleSheetPageTest"/>
</testsuite> <!-- googleSheet.GoogleSheetPageTest -->
