<?xml version="1.0" encoding="UTF-8"?>
<!-- Generated by org.testng.reporters.JUnitReportReporter -->
<testsuite skipped="0" hostname="Fahim-Ahmed-1988" name="Transperancy.TestTransperancy" tests="3" failures="0" timestamp="05 Oct 2018 21:50:04 GMT" time="48.542" errors="0">
  <testcase name="TestHovering" time="12.281" classname="Transperancy.TestTransperancy"/>
  <testcase name="testTransperancyHover" time="17.918" classname="Transperancy.TestTransperancy"/>
  <testcase name="testGetText" time="18.343" classname="Transperancy.TestTransperancy"/>
</testsuite> <!-- Transperancy.TestTransperancy -->
