<?xml version="1.0" encoding="UTF-8"?>
<!-- Generated by org.testng.reporters.JUnitReportReporter -->
<testsuite skipped="0" hostname="Fahim-Ahmed-1988" name="testXlSheet.TestHomePageMyMtaAlert" tests="4" failures="0" timestamp="05 Oct 2018 21:50:04 GMT" time="56.927" errors="0">
  <testcase name="testMymtaHomePage" time="11.953" classname="testXlSheet.TestHomePageMyMtaAlert"/>
  <testcase name="signIn" time="14.597" classname="testXlSheet.TestHomePageMyMtaAlert"/>
  <testcase name="signIn" time="14.813" classname="testXlSheet.TestHomePageMyMtaAlert"/>
  <testcase name="test" time="15.564" classname="testXlSheet.TestHomePageMyMtaAlert"/>
</testsuite> <!-- testXlSheet.TestHomePageMyMtaAlert -->
